[bappymia428.github.io/restaurent_demo/index.html]
[bappymia428.github.io/restaurent_demo/assets/style.css]
[cdnjs.cloudflare.com/ajax/libs/font-awesome/6.5.2/css/all.min.css]
[cdn.jsdelivr.net/npm/bootstrap@5.3.3/dist/css/bootstrap.min.css]
[backblue.gif]
[fade.gif]
[index.html]
[cdn.jsdelivr.net/npm/bootstrap-icons@1.3.0/font/bootstrap-icons.css]
[bappymia428.github.io/restaurent_demo/assets/img/menu/menu-item-1.png]
[bappymia428.github.io/restaurent_demo/assets/img/about.jpg]
[bappymia428.github.io/restaurent_demo/assets/img/menu/menu-item-2.png]
[bappymiy428.github.io/restaurent_demo/assets/img/menu/menu-item-3.png]
[bappymia428.github.io/restaurent_demo/assets/img/menu/menu-item-4.png]
[bappymia428.github.io/restaurent_demo/assets/img/menu/menu-item-5.png]
[bappymia428.github.io/restaurent_demo/assets/img/menu/menu-item-6.png]
[bappymia428.github.io/restaurent_demo/assets/img/menu/menu-item-7.jpg]
[bappymia428.github.io/restaurent_demo/assets/img/testimonials/testimonials-1.jpg]
[.github.io/restaurent_demo/assets/img/testimonials/testimonials-2.jpg]
[bappymia428.github.io/restaurent_demo/assets/img/testimonials/testimonials-3.jpg]
[bappymia428.github.io/restaurent_demo/assets/img/testimonials/testimonials-4.jpg]
[bappymia428.github.io/restaurent_demo/assets/img/chefs/chefs-1.jpg]
[bappymia428.github.io/restaurent_demo/assets/img/chefs/chefs-2.jpg]
[bappymia428.github.io/restaurent_demo/assets/img/chefs/chefs-3.jpg]
[bappymia428.github.io/restaurent_demo/assets/img/reservation.jpg]
[cdn.jsdelivr.net/npm/bootstrap@5.3.3/dist/js/bootstrap.bundle.min.js]
[bappymia428.github.io/restaurent_demo/index.html]
[bappymia428.github.io/restaurent_demo/assets/style.css]
[cdnjs.cloudflare.com/ajax/libs/font-awesome/6.5.2/css/all.min.css]
[cdn.jsdelivr.net/npm/bootstrap@5.3.3/dist/css/bootstrap.min.css]
[cdn.jsdelivr.net/npm/bootstrap-icons@1.3.0/font/fonts/bootstrap-icons289b.woff]
[cdn.jsdelivr.net/npm/bootstrap-icons@1.3.0/font/fonts/bootstrap-icons289b.woff2]
[cdn.jsdelivr.net/npm/bootstrap-icons@1.3.0/font/bootstrap-icons.css]
